2022-01-03 15:06:30.015876: W tensorflow/stream_executor/platform/default/dso_loader.cc:59] Could not load dynamic library 'cudart64_101.dll'; dlerror: cudart64_101.dll not found
2022-01-03 15:06:30.016815: I tensorflow/stream_executor/cuda/cudart_stub.cc:29] Ignore above cudart dlerror if you do not have a GPU set up on your machine.
RMSE SVM: 0.5447417628108924
MAPE SVM: 25.10982959398172 (%)
2022-01-03 15:06:36.254505: W tensorflow/stream_executor/platform/default/dso_loader.cc:59] Could not load dynamic library 'nvcuda.dll'; dlerror: nvcuda.dll not found
2022-01-03 15:06:36.254909: W tensorflow/stream_executor/cuda/cuda_driver.cc:312] failed call to cuInit: UNKNOWN ERROR (303)
2022-01-03 15:06:36.269393: I tensorflow/stream_executor/cuda/cuda_diagnostics.cc:169] retrieving CUDA diagnostic information for host: LAPTOP-HM0L343A
2022-01-03 15:06:36.269706: I tensorflow/stream_executor/cuda/cuda_diagnostics.cc:176] hostname: LAPTOP-HM0L343A
2022-01-03 15:06:36.272419: I tensorflow/core/platform/cpu_feature_guard.cc:142] This TensorFlow binary is optimized with oneAPI Deep Neural Network Library (oneDNN)to use the following CPU instructions in performance-critical operations:  AVX2
To enable them in other operations, rebuild TensorFlow with the appropriate compiler flags.
2022-01-03 15:06:36.308811: I tensorflow/compiler/xla/service/service.cc:168] XLA service 0x180f313d4a0 initialized for platform Host (this does not guarantee that XLA will be used). Devices:
2022-01-03 15:06:36.308981: I tensorflow/compiler/xla/service/service.cc:176]   StreamExecutor device (0): Host, Default Version
Epoch 1/1000
WARNING:tensorflow:Callbacks method `on_train_batch_end` is slow compared to the batch time (batch time: 0.0000s vs `on_train_batch_end` time: 0.0010s). Check your callbacks.
254/254 [==============================] - 0s 1ms/step - loss: 0.0710 - val_loss: 1.9751e-04
Epoch 2/1000
254/254 [==============================] - 0s 850us/step - loss: 0.0044 - val_loss: 1.8134e-04
Epoch 3/1000
254/254 [==============================] - 0s 921us/step - loss: 0.0043 - val_loss: 1.0976e-04
Epoch 4/1000
254/254 [==============================] - 0s 898us/step - loss: 0.0040 - val_loss: 1.0872e-04
Epoch 5/1000
254/254 [==============================] - 0s 921us/step - loss: 0.0037 - val_loss: 1.1436e-04
Epoch 6/1000
254/254 [==============================] - 0s 945us/step - loss: 0.0040 - val_loss: 1.1791e-04
Epoch 7/1000
254/254 [==============================] - 0s 874us/step - loss: 0.0037 - val_loss: 1.6272e-04
Epoch 8/1000
254/254 [==============================] - 0s 870us/step - loss: 0.0034 - val_loss: 9.5585e-05
Epoch 9/1000
254/254 [==============================] - 0s 827us/step - loss: 0.0033 - val_loss: 1.3955e-04
Epoch 10/1000
254/254 [==============================] - 0s 866us/step - loss: 0.0036 - val_loss: 1.4724e-04
Epoch 11/1000
254/254 [==============================] - 0s 831us/step - loss: 0.0041 - val_loss: 2.8065e-04
Epoch 12/1000
254/254 [==============================] - 0s 862us/step - loss: 0.0040 - val_loss: 3.1126e-04
Epoch 13/1000
254/254 [==============================] - 0s 811us/step - loss: 0.0035 - val_loss: 1.1275e-04
Epoch 14/1000
254/254 [==============================] - 0s 784us/step - loss: 0.0040 - val_loss: 1.2187e-04
Epoch 15/1000
254/254 [==============================] - 0s 827us/step - loss: 0.0039 - val_loss: 9.6423e-05
Epoch 16/1000
254/254 [==============================] - 0s 878us/step - loss: 0.0035 - val_loss: 1.3811e-04
Epoch 17/1000
254/254 [==============================] - 0s 831us/step - loss: 0.0036 - val_loss: 3.6815e-04
Epoch 18/1000
254/254 [==============================] - 0s 953us/step - loss: 0.0037 - val_loss: 1.3173e-04
RMSE ANN: 0.24316908873685766
MAPE ANN: 1.8741341246750667 (%)
Epoch 1/1000
254/254 [==============================] - 1s 3ms/step - loss: 0.0186 - val_loss: 3.1417e-04
Epoch 2/1000
254/254 [==============================] - 1s 2ms/step - loss: 0.0074 - val_loss: 2.2552e-04
Epoch 3/1000
254/254 [==============================] - 0s 2ms/step - loss: 0.0055 - val_loss: 2.2452e-04
Epoch 4/1000
254/254 [==============================] - 0s 2ms/step - loss: 0.0048 - val_loss: 1.6181e-04
Epoch 5/1000
254/254 [==============================] - 0s 2ms/step - loss: 0.0049 - val_loss: 1.1946e-04
Epoch 6/1000
254/254 [==============================] - 1s 2ms/step - loss: 0.0060 - val_loss: 1.7305e-04
Epoch 7/1000
254/254 [==============================] - 1s 3ms/step - loss: 0.0055 - val_loss: 1.5836e-04
Epoch 8/1000
254/254 [==============================] - 1s 2ms/step - loss: 0.0064 - val_loss: 2.1623e-04
Epoch 9/1000
254/254 [==============================] - 1s 2ms/step - loss: 0.0042 - val_loss: 1.1381e-04
Epoch 10/1000
254/254 [==============================] - 1s 2ms/step - loss: 0.0048 - val_loss: 1.8652e-04
Epoch 11/1000
254/254 [==============================] - 1s 2ms/step - loss: 0.0051 - val_loss: 1.6500e-04
Epoch 12/1000
254/254 [==============================] - 0s 2ms/step - loss: 0.0053 - val_loss: 1.1791e-04
Epoch 13/1000
254/254 [==============================] - 1s 2ms/step - loss: 0.0041 - val_loss: 1.0976e-04
Epoch 14/1000
254/254 [==============================] - 0s 2ms/step - loss: 0.0038 - val_loss: 1.1797e-04
Epoch 15/1000
254/254 [==============================] - 0s 2ms/step - loss: 0.0045 - val_loss: 1.1271e-04
Epoch 16/1000
254/254 [==============================] - 1s 2ms/step - loss: 0.0043 - val_loss: 1.2131e-04
Epoch 17/1000
254/254 [==============================] - 0s 2ms/step - loss: 0.0044 - val_loss: 1.3360e-04
Epoch 18/1000
254/254 [==============================] - 1s 2ms/step - loss: 0.0045 - val_loss: 1.1125e-04
Epoch 19/1000
254/254 [==============================] - 0s 2ms/step - loss: 0.0040 - val_loss: 1.9206e-04
Epoch 20/1000
254/254 [==============================] - 0s 2ms/step - loss: 0.0035 - val_loss: 1.8998e-04
Epoch 21/1000
254/254 [==============================] - 0s 2ms/step - loss: 0.0047 - val_loss: 3.5325e-04
Epoch 22/1000
254/254 [==============================] - 0s 2ms/step - loss: 0.0047 - val_loss: 1.0286e-04
Epoch 23/1000
254/254 [==============================] - 0s 2ms/step - loss: 0.0055 - val_loss: 4.1868e-04
Epoch 24/1000
254/254 [==============================] - 0s 2ms/step - loss: 0.0040 - val_loss: 1.0141e-04
Epoch 25/1000
254/254 [==============================] - 0s 2ms/step - loss: 0.0038 - val_loss: 1.8152e-04
Epoch 26/1000
254/254 [==============================] - 1s 2ms/step - loss: 0.0042 - val_loss: 3.1749e-04
Epoch 27/1000
254/254 [==============================] - 0s 2ms/step - loss: 0.0039 - val_loss: 1.8205e-04
Epoch 28/1000
254/254 [==============================] - 1s 2ms/step - loss: 0.0040 - val_loss: 9.9976e-05
Epoch 29/1000
254/254 [==============================] - 0s 2ms/step - loss: 0.0038 - val_loss: 1.0463e-04
Epoch 30/1000
254/254 [==============================] - 0s 2ms/step - loss: 0.0036 - val_loss: 1.0125e-04
Epoch 31/1000
254/254 [==============================] - 0s 2ms/step - loss: 0.0034 - val_loss: 1.2636e-04
Epoch 32/1000
254/254 [==============================] - 1s 2ms/step - loss: 0.0038 - val_loss: 1.1044e-04
Epoch 33/1000
254/254 [==============================] - 1s 2ms/step - loss: 0.0049 - val_loss: 2.7994e-04
Epoch 34/1000
254/254 [==============================] - 1s 2ms/step - loss: 0.0037 - val_loss: 1.6753e-04
Epoch 35/1000
254/254 [==============================] - 1s 2ms/step - loss: 0.0039 - val_loss: 2.8446e-04
Epoch 36/1000
254/254 [==============================] - 0s 2ms/step - loss: 0.0040 - val_loss: 1.0002e-04
Epoch 37/1000
254/254 [==============================] - 1s 2ms/step - loss: 0.0043 - val_loss: 1.1465e-04
Epoch 38/1000
254/254 [==============================] - 1s 2ms/step - loss: 0.0035 - val_loss: 1.5484e-04
RMSE CNN: 0.2472868526166168
MAPE CNN: 1.909226203278946 (%)
Epoch 1/1000
254/254 [==============================] - 7s 26ms/step - loss: 0.0772 - val_loss: 0.0012
Epoch 2/1000
254/254 [==============================] - 4s 17ms/step - loss: 0.0271 - val_loss: 7.9339e-04
Epoch 3/1000
254/254 [==============================] - 5s 18ms/step - loss: 0.0232 - val_loss: 0.0023
Epoch 4/1000
254/254 [==============================] - 8s 32ms/step - loss: 0.0225 - val_loss: 5.4485e-04
Epoch 5/1000
254/254 [==============================] - 7s 26ms/step - loss: 0.0250 - val_loss: 5.1986e-04
Epoch 6/1000
254/254 [==============================] - 5s 18ms/step - loss: 0.0237 - val_loss: 0.0014
Epoch 7/1000
254/254 [==============================] - 5s 21ms/step - loss: 0.0199 - val_loss: 6.1327e-04
Epoch 8/1000
254/254 [==============================] - 5s 21ms/step - loss: 0.0203 - val_loss: 4.1794e-04
Epoch 9/1000
254/254 [==============================] - 5s 21ms/step - loss: 0.0222 - val_loss: 5.0142e-04
Epoch 10/1000
254/254 [==============================] - 7s 29ms/step - loss: 0.0172 - val_loss: 0.0023
Epoch 11/1000
254/254 [==============================] - 7s 28ms/step - loss: 0.0197 - val_loss: 3.6286e-04
Epoch 12/1000
254/254 [==============================] - 6s 25ms/step - loss: 0.0173 - val_loss: 7.0824e-04
Epoch 13/1000
254/254 [==============================] - 5s 19ms/step - loss: 0.0166 - val_loss: 0.0023
Epoch 14/1000
254/254 [==============================] - 5s 18ms/step - loss: 0.0164 - val_loss: 0.0026
Epoch 15/1000
254/254 [==============================] - 5s 21ms/step - loss: 0.0192 - val_loss: 3.6577e-04
Epoch 16/1000
254/254 [==============================] - 4s 17ms/step - loss: 0.0185 - val_loss: 3.2272e-04
Epoch 17/1000
254/254 [==============================] - 5s 18ms/step - loss: 0.0150 - val_loss: 0.0011
Epoch 18/1000
254/254 [==============================] - 5s 18ms/step - loss: 0.0147 - val_loss: 8.1125e-04
Epoch 19/1000
254/254 [==============================] - 7s 29ms/step - loss: 0.0146 - val_loss: 3.7454e-04
Epoch 20/1000
254/254 [==============================] - 7s 27ms/step - loss: 0.0144 - val_loss: 0.0018
Epoch 21/1000
254/254 [==============================] - 6s 25ms/step - loss: 0.0148 - val_loss: 2.6324e-04
Epoch 22/1000
254/254 [==============================] - 7s 28ms/step - loss: 0.0154 - val_loss: 9.7058e-04
Epoch 23/1000
254/254 [==============================] - 9s 35ms/step - loss: 0.0168 - val_loss: 0.0038
Epoch 24/1000
254/254 [==============================] - 7s 27ms/step - loss: 0.0126 - val_loss: 2.6663e-04
Epoch 25/1000
254/254 [==============================] - 5s 19ms/step - loss: 0.0147 - val_loss: 2.0145e-04
Epoch 26/1000
254/254 [==============================] - 5s 18ms/step - loss: 0.0152 - val_loss: 0.0014
Epoch 27/1000
254/254 [==============================] - 5s 19ms/step - loss: 0.0148 - val_loss: 6.1558e-04
Epoch 28/1000
254/254 [==============================] - 5s 18ms/step - loss: 0.0130 - val_loss: 3.5234e-04
Epoch 29/1000
254/254 [==============================] - 5s 20ms/step - loss: 0.0128 - val_loss: 2.8374e-04
Epoch 30/1000
254/254 [==============================] - 5s 19ms/step - loss: 0.0139 - val_loss: 2.7798e-04
Epoch 31/1000
254/254 [==============================] - 5s 19ms/step - loss: 0.0153 - val_loss: 0.0020
Epoch 32/1000
254/254 [==============================] - 5s 21ms/step - loss: 0.0164 - val_loss: 0.0023
Epoch 33/1000
254/254 [==============================] - 5s 20ms/step - loss: 0.0155 - val_loss: 3.1166e-04
Epoch 34/1000
254/254 [==============================] - 5s 20ms/step - loss: 0.0124 - val_loss: 0.0011
Epoch 35/1000
254/254 [==============================] - 5s 20ms/step - loss: 0.0137 - val_loss: 4.7809e-04
RMSE LSTM: 0.3906377451655827
MAPE LSTM: 3.527576744585913 (%)

Process finished with exit code 0
