2022-01-07 07:46:03.264169: W tensorflow/stream_executor/platform/default/dso_loader.cc:59] Could not load dynamic library 'cudart64_101.dll'; dlerror: cudart64_101.dll not found
2022-01-07 07:46:03.265441: I tensorflow/stream_executor/cuda/cudart_stub.cc:29] Ignore above cudart dlerror if you do not have a GPU set up on your machine.
RMSE SVM: 0.23000383566227575
MAPE SVM: 6.732032407375285 (%)
2022-01-07 07:46:12.265383: W tensorflow/stream_executor/platform/default/dso_loader.cc:59] Could not load dynamic library 'nvcuda.dll'; dlerror: nvcuda.dll not found
2022-01-07 07:46:12.265829: W tensorflow/stream_executor/cuda/cuda_driver.cc:312] failed call to cuInit: UNKNOWN ERROR (303)
2022-01-07 07:46:12.283664: I tensorflow/stream_executor/cuda/cuda_diagnostics.cc:169] retrieving CUDA diagnostic information for host: LAPTOP-HM0L343A
2022-01-07 07:46:12.284068: I tensorflow/stream_executor/cuda/cuda_diagnostics.cc:176] hostname: LAPTOP-HM0L343A
2022-01-07 07:46:12.287124: I tensorflow/core/platform/cpu_feature_guard.cc:142] This TensorFlow binary is optimized with oneAPI Deep Neural Network Library (oneDNN)to use the following CPU instructions in performance-critical operations:  AVX2
To enable them in other operations, rebuild TensorFlow with the appropriate compiler flags.
2022-01-07 07:46:12.334066: I tensorflow/compiler/xla/service/service.cc:168] XLA service 0x241e7027ea0 initialized for platform Host (this does not guarantee that XLA will be used). Devices:
2022-01-07 07:46:12.334286: I tensorflow/compiler/xla/service/service.cc:176]   StreamExecutor device (0): Host, Default Version
Epoch 1/1000
31/31 [==============================] - 0s 9ms/step - loss: 0.1234 - val_loss: 0.0798
Epoch 2/1000
31/31 [==============================] - 0s 2ms/step - loss: 0.0420 - val_loss: 0.0537
Epoch 3/1000
31/31 [==============================] - 0s 2ms/step - loss: 0.0307 - val_loss: 0.0320
Epoch 4/1000
31/31 [==============================] - 0s 2ms/step - loss: 0.0230 - val_loss: 0.0498
Epoch 5/1000
31/31 [==============================] - 0s 3ms/step - loss: 0.0189 - val_loss: 0.0396
Epoch 6/1000
31/31 [==============================] - 0s 2ms/step - loss: 0.0171 - val_loss: 0.0270
Epoch 7/1000
31/31 [==============================] - 0s 2ms/step - loss: 0.0164 - val_loss: 0.0301
Epoch 8/1000
31/31 [==============================] - 0s 2ms/step - loss: 0.0150 - val_loss: 0.0266
Epoch 9/1000
31/31 [==============================] - 0s 2ms/step - loss: 0.0149 - val_loss: 0.0370
Epoch 10/1000
31/31 [==============================] - 0s 2ms/step - loss: 0.0166 - val_loss: 0.0367
Epoch 11/1000
31/31 [==============================] - 0s 2ms/step - loss: 0.0140 - val_loss: 0.0265
Epoch 12/1000
31/31 [==============================] - 0s 2ms/step - loss: 0.0152 - val_loss: 0.0465
Epoch 13/1000
31/31 [==============================] - 0s 2ms/step - loss: 0.0142 - val_loss: 0.0259
Epoch 14/1000
31/31 [==============================] - 0s 2ms/step - loss: 0.0146 - val_loss: 0.0271
Epoch 15/1000
31/31 [==============================] - 0s 2ms/step - loss: 0.0140 - val_loss: 0.0359
Epoch 16/1000
31/31 [==============================] - 0s 2ms/step - loss: 0.0134 - val_loss: 0.0357
Epoch 17/1000
31/31 [==============================] - 0s 2ms/step - loss: 0.0141 - val_loss: 0.0244
Epoch 18/1000
31/31 [==============================] - 0s 3ms/step - loss: 0.0135 - val_loss: 0.0275
Epoch 19/1000
31/31 [==============================] - 0s 3ms/step - loss: 0.0138 - val_loss: 0.0333
Epoch 20/1000
31/31 [==============================] - 0s 2ms/step - loss: 0.0146 - val_loss: 0.0735
Epoch 21/1000
31/31 [==============================] - 0s 2ms/step - loss: 0.0153 - val_loss: 0.0277
Epoch 22/1000
31/31 [==============================] - 0s 2ms/step - loss: 0.0138 - val_loss: 0.0328
Epoch 23/1000
31/31 [==============================] - 0s 2ms/step - loss: 0.0138 - val_loss: 0.0252
Epoch 24/1000
31/31 [==============================] - 0s 2ms/step - loss: 0.0129 - val_loss: 0.0237
Epoch 25/1000
31/31 [==============================] - 0s 2ms/step - loss: 0.0132 - val_loss: 0.0321
Epoch 26/1000
31/31 [==============================] - 0s 3ms/step - loss: 0.0132 - val_loss: 0.0288
Epoch 27/1000
31/31 [==============================] - 0s 2ms/step - loss: 0.0127 - val_loss: 0.0245
Epoch 28/1000
31/31 [==============================] - 0s 2ms/step - loss: 0.0131 - val_loss: 0.0269
Epoch 29/1000
31/31 [==============================] - 0s 2ms/step - loss: 0.0132 - val_loss: 0.0253
Epoch 30/1000
31/31 [==============================] - 0s 3ms/step - loss: 0.0131 - val_loss: 0.0606
Epoch 31/1000
31/31 [==============================] - 0s 2ms/step - loss: 0.0132 - val_loss: 0.0243
Epoch 32/1000
31/31 [==============================] - 0s 2ms/step - loss: 0.0143 - val_loss: 0.0249
Epoch 33/1000
31/31 [==============================] - 0s 2ms/step - loss: 0.0126 - val_loss: 0.0396
Epoch 34/1000
31/31 [==============================] - 0s 2ms/step - loss: 0.0130 - val_loss: 0.0236
Epoch 35/1000
31/31 [==============================] - 0s 2ms/step - loss: 0.0125 - val_loss: 0.0232
Epoch 36/1000
31/31 [==============================] - 0s 3ms/step - loss: 0.0121 - val_loss: 0.0449
Epoch 37/1000
31/31 [==============================] - 0s 3ms/step - loss: 0.0122 - val_loss: 0.0319
Epoch 38/1000
31/31 [==============================] - 0s 2ms/step - loss: 0.0124 - val_loss: 0.0426
Epoch 39/1000
31/31 [==============================] - 0s 2ms/step - loss: 0.0127 - val_loss: 0.0259
Epoch 40/1000
31/31 [==============================] - 0s 2ms/step - loss: 0.0120 - val_loss: 0.0236
Epoch 41/1000
31/31 [==============================] - 0s 2ms/step - loss: 0.0118 - val_loss: 0.0257
Epoch 42/1000
31/31 [==============================] - 0s 3ms/step - loss: 0.0124 - val_loss: 0.0292
Epoch 43/1000
31/31 [==============================] - 0s 2ms/step - loss: 0.0120 - val_loss: 0.0320
Epoch 44/1000
31/31 [==============================] - 0s 2ms/step - loss: 0.0122 - val_loss: 0.0262
Epoch 45/1000
31/31 [==============================] - 0s 1ms/step - loss: 0.0131 - val_loss: 0.0317
RMSE ANN: 0.2324005828234199
MAPE ANN: 1.5341399255966959 (%)
Epoch 1/1000
31/31 [==============================] - 0s 8ms/step - loss: 0.2511 - val_loss: 0.2008
WARNING:tensorflow:Callbacks method `on_test_batch_end` is slow compared to the batch time (batch time: 0.0000s vs `on_test_batch_end` time: 0.0010s). Check your callbacks.
Epoch 2/1000
31/31 [==============================] - 0s 4ms/step - loss: 0.0417 - val_loss: 0.0670
Epoch 3/1000
31/31 [==============================] - 0s 4ms/step - loss: 0.0314 - val_loss: 0.0627
Epoch 4/1000
31/31 [==============================] - 0s 4ms/step - loss: 0.0251 - val_loss: 0.0538
Epoch 5/1000
31/31 [==============================] - 0s 4ms/step - loss: 0.0194 - val_loss: 0.0315
Epoch 6/1000
31/31 [==============================] - 0s 4ms/step - loss: 0.0179 - val_loss: 0.0287
Epoch 7/1000
31/31 [==============================] - 0s 4ms/step - loss: 0.0158 - val_loss: 0.1018
Epoch 8/1000
31/31 [==============================] - 0s 4ms/step - loss: 0.0172 - val_loss: 0.0684
Epoch 9/1000
31/31 [==============================] - 0s 4ms/step - loss: 0.0155 - val_loss: 0.0364
Epoch 10/1000
31/31 [==============================] - 0s 4ms/step - loss: 0.0151 - val_loss: 0.0263
Epoch 11/1000
31/31 [==============================] - 0s 4ms/step - loss: 0.0152 - val_loss: 0.0531
Epoch 12/1000
31/31 [==============================] - 0s 4ms/step - loss: 0.0149 - val_loss: 0.0231
Epoch 13/1000
31/31 [==============================] - 0s 5ms/step - loss: 0.0164 - val_loss: 0.0231
Epoch 14/1000
31/31 [==============================] - 0s 3ms/step - loss: 0.0152 - val_loss: 0.0237
Epoch 15/1000
31/31 [==============================] - 0s 3ms/step - loss: 0.0138 - val_loss: 0.0372
Epoch 16/1000
31/31 [==============================] - 0s 3ms/step - loss: 0.0139 - val_loss: 0.0244
Epoch 17/1000
31/31 [==============================] - 0s 4ms/step - loss: 0.0150 - val_loss: 0.0571
Epoch 18/1000
31/31 [==============================] - 0s 4ms/step - loss: 0.0155 - val_loss: 0.0241
Epoch 19/1000
31/31 [==============================] - 0s 4ms/step - loss: 0.0134 - val_loss: 0.0429
Epoch 20/1000
31/31 [==============================] - 0s 4ms/step - loss: 0.0138 - val_loss: 0.0245
Epoch 21/1000
31/31 [==============================] - 0s 4ms/step - loss: 0.0142 - val_loss: 0.0239
Epoch 22/1000
31/31 [==============================] - 0s 4ms/step - loss: 0.0145 - val_loss: 0.0237
Epoch 23/1000
31/31 [==============================] - 0s 4ms/step - loss: 0.0128 - val_loss: 0.0308
RMSE CNN: 0.2848475130897551
MAPE CNN: 1.7226078507772442 (%)
Epoch 1/1000
31/31 [==============================] - 4s 120ms/step - loss: 0.3360 - val_loss: 2.1366
Epoch 2/1000
31/31 [==============================] - 1s 20ms/step - loss: 0.1031 - val_loss: 0.5174
Epoch 3/1000
31/31 [==============================] - 1s 17ms/step - loss: 0.0805 - val_loss: 0.3963
Epoch 4/1000
31/31 [==============================] - 1s 17ms/step - loss: 0.0756 - val_loss: 0.1073
Epoch 5/1000
31/31 [==============================] - 1s 18ms/step - loss: 0.0691 - val_loss: 0.1555
Epoch 6/1000
31/31 [==============================] - 1s 17ms/step - loss: 0.0686 - val_loss: 0.4188
Epoch 7/1000
31/31 [==============================] - 1s 17ms/step - loss: 0.0760 - val_loss: 0.0987
Epoch 8/1000
31/31 [==============================] - 1s 17ms/step - loss: 0.0640 - val_loss: 0.1887
Epoch 9/1000
31/31 [==============================] - 1s 17ms/step - loss: 0.0638 - val_loss: 0.2711
Epoch 10/1000
31/31 [==============================] - 1s 17ms/step - loss: 0.0622 - val_loss: 0.1294
Epoch 11/1000
31/31 [==============================] - 1s 17ms/step - loss: 0.0600 - val_loss: 0.0975
Epoch 12/1000
31/31 [==============================] - 1s 18ms/step - loss: 0.0597 - val_loss: 0.2743
Epoch 13/1000
31/31 [==============================] - 1s 17ms/step - loss: 0.0577 - val_loss: 0.1460
Epoch 14/1000
31/31 [==============================] - 1s 17ms/step - loss: 0.0619 - val_loss: 0.1692
Epoch 15/1000
31/31 [==============================] - 1s 18ms/step - loss: 0.0512 - val_loss: 0.2841
Epoch 16/1000
31/31 [==============================] - 1s 17ms/step - loss: 0.0529 - val_loss: 0.3599
Epoch 17/1000
31/31 [==============================] - 1s 17ms/step - loss: 0.0597 - val_loss: 0.2393
Epoch 18/1000
31/31 [==============================] - 1s 18ms/step - loss: 0.0519 - val_loss: 0.1859
Epoch 19/1000
31/31 [==============================] - 1s 17ms/step - loss: 0.0495 - val_loss: 0.3124
Epoch 20/1000
31/31 [==============================] - 1s 17ms/step - loss: 0.0476 - val_loss: 0.1912
Epoch 21/1000
31/31 [==============================] - 1s 18ms/step - loss: 0.0466 - val_loss: 0.2616
RMSE LSTM: 0.35558621202394486
MAPE LSTM: 2.38913470426218 (%)

Process finished with exit code 0
